{"message":"expected `,`, or `}`, found keyword `pub`","code":null,"level":"error","spans":[{"file_name":"src\\lib.rs","byte_start":101,"byte_end":101,"line_start":4,"line_end":4,"column_start":23,"column_end":23,"is_primary":true,"text":[{"text":"    pub author :String","highlight_start":23,"highlight_end":23}],"label":null,"suggested_replacement":null,"suggestion_applicability":null,"expansion":null}],"children":[{"message":"try adding a comma","code":null,"level":"help","spans":[{"file_name":"src\\lib.rs","byte_start":101,"byte_end":101,"line_start":4,"line_end":4,"column_start":23,"column_end":23,"is_primary":true,"text":[{"text":"    pub author :String","highlight_start":23,"highlight_end":23}],"label":null,"suggested_replacement":",","suggestion_applicability":"MachineApplicable","expansion":null}],"children":[],"rendered":null}],"rendered":"\u001b[0m\u001b[1m\u001b[38;5;9merror\u001b[0m\u001b[0m\u001b[1m\u001b[38;5;15m: expected `,`, or `}`, found keyword `pub`\u001b[0m\n\u001b[0m \u001b[0m\u001b[0m\u001b[1m\u001b[38;5;14m--> \u001b[0m\u001b[0msrc\\lib.rs:4:23\u001b[0m\n\u001b[0m  \u001b[0m\u001b[0m\u001b[1m\u001b[38;5;14m|\u001b[0m\n\u001b[0m\u001b[1m\u001b[38;5;14m4\u001b[0m\u001b[0m \u001b[0m\u001b[0m\u001b[1m\u001b[38;5;14m|\u001b[0m\u001b[0m \u001b[0m\u001b[0m    pub author :String\u001b[0m\n\u001b[0m  \u001b[0m\u001b[0m\u001b[1m\u001b[38;5;14m| \u001b[0m\u001b[0m                      \u001b[0m\u001b[0m\u001b[1m\u001b[38;5;9m^\u001b[0m\u001b[0m \u001b[0m\u001b[0m\u001b[1m\u001b[38;5;9mhelp: try adding a comma: `,`\u001b[0m\n\n"}
{"message":"cannot find trait `Summmary` in this scope","code":{"code":"E0405","explanation":"The code refers to a trait that is not in scope.\n\nErroneous code example:\n\n```compile_fail,E0405\nstruct Foo;\n\nimpl SomeTrait for Foo {} // error: trait `SomeTrait` is not in scope\n```\n\nPlease verify that the name of the trait wasn't misspelled and ensure that it\nwas imported. Example:\n\n```\n# #[cfg(for_demonstration_only)]\n// solution 1:\nuse some_file::SomeTrait;\n\n// solution 2:\ntrait SomeTrait {\n    // some functions\n}\n\nstruct Foo;\n\nimpl SomeTrait for Foo { // ok!\n    // implements functions\n}\n```\n"},"level":"error","spans":[{"file_name":"src\\lib.rs","byte_start":139,"byte_end":147,"line_start":9,"line_end":9,"column_start":6,"column_end":14,"is_primary":true,"text":[{"text":"impl Summmary for NewsArticle {","highlight_start":6,"highlight_end":14}],"label":"not found in this scope","suggested_replacement":null,"suggestion_applicability":null,"expansion":null}],"children":[],"rendered":"\u001b[0m\u001b[1m\u001b[38;5;9merror[E0405]\u001b[0m\u001b[0m\u001b[1m\u001b[38;5;15m: cannot find trait `Summmary` in this scope\u001b[0m\n\u001b[0m \u001b[0m\u001b[0m\u001b[1m\u001b[38;5;14m--> \u001b[0m\u001b[0msrc\\lib.rs:9:6\u001b[0m\n\u001b[0m  \u001b[0m\u001b[0m\u001b[1m\u001b[38;5;14m|\u001b[0m\n\u001b[0m\u001b[1m\u001b[38;5;14m9\u001b[0m\u001b[0m \u001b[0m\u001b[0m\u001b[1m\u001b[38;5;14m|\u001b[0m\u001b[0m \u001b[0m\u001b[0mimpl Summmary for NewsArticle {\u001b[0m\n\u001b[0m  \u001b[0m\u001b[0m\u001b[1m\u001b[38;5;14m| \u001b[0m\u001b[0m     \u001b[0m\u001b[0m\u001b[1m\u001b[38;5;9m^^^^^^^^\u001b[0m\u001b[0m \u001b[0m\u001b[0m\u001b[1m\u001b[38;5;9mnot found in this scope\u001b[0m\n\n"}
{"message":"cannot find trait `Summmary` in this scope","code":{"code":"E0405","explanation":"The code refers to a trait that is not in scope.\n\nErroneous code example:\n\n```compile_fail,E0405\nstruct Foo;\n\nimpl SomeTrait for Foo {} // error: trait `SomeTrait` is not in scope\n```\n\nPlease verify that the name of the trait wasn't misspelled and ensure that it\nwas imported. Example:\n\n```\n# #[cfg(for_demonstration_only)]\n// solution 1:\nuse some_file::SomeTrait;\n\n// solution 2:\ntrait SomeTrait {\n    // some functions\n}\n\nstruct Foo;\n\nimpl SomeTrait for Foo { // ok!\n    // implements functions\n}\n```\n"},"level":"error","spans":[{"file_name":"src\\lib.rs","byte_start":414,"byte_end":422,"line_start":22,"line_end":22,"column_start":6,"column_end":14,"is_primary":true,"text":[{"text":"impl Summmary for Tweet{","highlight_start":6,"highlight_end":14}],"label":"not found in this scope","suggested_replacement":null,"suggestion_applicability":null,"expansion":null}],"children":[],"rendered":"\u001b[0m\u001b[1m\u001b[38;5;9merror[E0405]\u001b[0m\u001b[0m\u001b[1m\u001b[38;5;15m: cannot find trait `Summmary` in this scope\u001b[0m\n\u001b[0m  \u001b[0m\u001b[0m\u001b[1m\u001b[38;5;14m--> \u001b[0m\u001b[0msrc\\lib.rs:22:6\u001b[0m\n\u001b[0m   \u001b[0m\u001b[0m\u001b[1m\u001b[38;5;14m|\u001b[0m\n\u001b[0m\u001b[1m\u001b[38;5;14m22\u001b[0m\u001b[0m \u001b[0m\u001b[0m\u001b[1m\u001b[38;5;14m|\u001b[0m\u001b[0m \u001b[0m\u001b[0mimpl Summmary for Tweet{\u001b[0m\n\u001b[0m   \u001b[0m\u001b[0m\u001b[1m\u001b[38;5;14m| \u001b[0m\u001b[0m     \u001b[0m\u001b[0m\u001b[1m\u001b[38;5;9m^^^^^^^^\u001b[0m\u001b[0m \u001b[0m\u001b[0m\u001b[1m\u001b[38;5;9mnot found in this scope\u001b[0m\n\n"}
{"message":"aborting due to 3 previous errors","code":null,"level":"error","spans":[],"children":[],"rendered":"\u001b[0m\u001b[1m\u001b[38;5;9merror\u001b[0m\u001b[0m\u001b[1m\u001b[38;5;15m: aborting due to 3 previous errors\u001b[0m\n\n"}
{"message":"For more information about this error, try `rustc --explain E0405`.","code":null,"level":"failure-note","spans":[],"children":[],"rendered":"\u001b[0m\u001b[1m\u001b[38;5;15mFor more information about this error, try `rustc --explain E0405`.\u001b[0m\n"}
